<?xml version="1.0" encoding="UTF-8"?>
<!-- Generated by org.testng.reporters.JUnitXMLReporter -->
<testsuite ignored="1" hostname="Pratik" failures="0" tests="2" name="Test" time="29.822" errors="0" timestamp="2025-05-12T12:12:28 IST">
  <testcase classname="com.SkillioProject.KeywordDrivenLoginTestCases" name="toVerifyLoginWithInvalidCredPropertyFile" time="2.212"/>
  <testcase classname="com.SkillioProject.KeywordDrivenLoginTestCases" name="toVerifySuccessfulLoginWithKeywordDriven" time="3.187"/>
  <testcase classname="com.SkillioProject.KeywordDrivenLoginTestCases" name="toVerifyLoginWithInvalidCredentials" time="0.0">
    <ignored/>
  </testcase> <!-- toVerifyLoginWithInvalidCredentials -->
</testsuite> <!-- Test -->
